2026-04-21 14:26:56: Error MongoDB: MongoServerError: bad auth : authentication failed
2026-04-21 14:26:56:     at Connection.sendCommand (C:\Aplicacion compras\backend\node_modules\mongodb\lib\cmap\connection.js:306:27)
2026-04-21 14:26:56:     at process.processTicksAndRejections (node:internal/process/task_queues:105:5)
2026-04-21 14:26:56:     at async Connection.command (C:\Aplicacion compras\backend\node_modules\mongodb\lib\cmap\connection.js:334:26)
2026-04-21 14:26:56:     at async continueScramConversation (C:\Aplicacion compras\backend\node_modules\mongodb\lib\cmap\auth\scram.js:131:15)
2026-04-21 14:26:56:     at async executeScram (C:\Aplicacion compras\backend\node_modules\mongodb\lib\cmap\auth\scram.js:80:5)
2026-04-21 14:26:56:     at async ScramSHA1.auth (C:\Aplicacion compras\backend\node_modules\mongodb\lib\cmap\auth\scram.js:39:16)
2026-04-21 14:26:56:     at async performInitialHandshake (C:\Aplicacion compras\backend\node_modules\mongodb\lib\cmap\connect.js:104:13)
2026-04-21 14:26:56:     at async connect (C:\Aplicacion compras\backend\node_modules\mongodb\lib\cmap\connect.js:24:9) {
2026-04-21 14:26:56:   errorLabelSet: Set(2) { 'HandshakeError', 'ResetPool' },
2026-04-21 14:26:56:   errorResponse: {
2026-04-21 14:26:56:     ok: 0,
2026-04-21 14:26:56:     errmsg: 'bad auth : authentication failed',
2026-04-21 14:26:56:     code: 8000,
2026-04-21 14:26:56:     codeName: 'AtlasError'
2026-04-21 14:26:56:   },
2026-04-21 14:26:56:   ok: 0,
2026-04-21 14:26:56:   code: 8000,
2026-04-21 14:26:56:   codeName: 'AtlasError',
2026-04-21 14:26:56:   connectionGeneration: 0
2026-04-21 14:26:56: }
